2025-02-12T14:29:25.008-03:00  INFO 8724 --- [libraryapi-production] [main] i.g.C.libraryapi.Application             : Starting Application using Java 21.0.2 with PID 8724 (C:\Users\leona\OneDrive\Documents\Curso Spring Boot\libraryapi\target\classes started by leona in C:\Users\leona\OneDrive\Documents\Curso Spring Boot\libraryapi)
2025-02-12T14:29:25.036-03:00 DEBUG 8724 --- [libraryapi-production] [main] i.g.C.libraryapi.Application             : Running with Spring Boot v3.3.4, Spring v6.1.13
2025-02-12T14:29:25.037-03:00  INFO 8724 --- [libraryapi-production] [main] i.g.C.libraryapi.Application             : The following 1 profile is active: "production"
2025-02-12T14:29:31.474-03:00  WARN 8724 --- [libraryapi-production] [main] com.zaxxer.hikari.HikariConfig           : library-db-pool - idleTimeout is close to or more than maxLifetime, disabling it.
2025-02-12T14:29:36.589-03:00 DEBUG 8724 --- [libraryapi-production] [main] i.g.C.l.s.JwtCustomAuthenticationFilter  : Filter 'jwtCustomAuthenticationFilter' configured for use
2025-02-12T14:29:38.240-03:00  WARN 8724 --- [libraryapi-production] [main] JpaBaseConfiguration$JpaWebConfiguration : spring.jpa.open-in-view is enabled by default. Therefore, database queries may be performed during view rendering. Explicitly configure spring.jpa.open-in-view to disable this warning
2025-02-12T14:29:40.076-03:00  WARN 8724 --- [libraryapi-production] [main] o.s.s.c.a.web.builders.WebSecurity       : You are asking Spring Security to ignore Deferred [Mvc [pattern='/v2/api-docs/**'], Ant [pattern='/v2/api-docs/**']]. This is not recommended -- please use permitAll via HttpSecurity#authorizeHttpRequests instead.
2025-02-12T14:29:40.077-03:00  WARN 8724 --- [libraryapi-production] [main] o.s.s.c.a.web.builders.WebSecurity       : You are asking Spring Security to ignore Deferred [Mvc [pattern='/v3/api-docs/**'], Ant [pattern='/v3/api-docs/**']]. This is not recommended -- please use permitAll via HttpSecurity#authorizeHttpRequests instead.
2025-02-12T14:29:40.077-03:00  WARN 8724 --- [libraryapi-production] [main] o.s.s.c.a.web.builders.WebSecurity       : You are asking Spring Security to ignore Deferred [Mvc [pattern='/swagger-resources/**'], Ant [pattern='/swagger-resources/**']]. This is not recommended -- please use permitAll via HttpSecurity#authorizeHttpRequests instead.
2025-02-12T14:29:40.077-03:00  WARN 8724 --- [libraryapi-production] [main] o.s.s.c.a.web.builders.WebSecurity       : You are asking Spring Security to ignore Deferred [Mvc [pattern='/swagger-ui.html'], Ant [pattern='/swagger-ui.html']]. This is not recommended -- please use permitAll via HttpSecurity#authorizeHttpRequests instead.
2025-02-12T14:29:40.077-03:00  WARN 8724 --- [libraryapi-production] [main] o.s.s.c.a.web.builders.WebSecurity       : You are asking Spring Security to ignore Deferred [Mvc [pattern='/swagger-ui/**'], Ant [pattern='/swagger-ui/**']]. This is not recommended -- please use permitAll via HttpSecurity#authorizeHttpRequests instead.
2025-02-12T14:29:40.077-03:00  WARN 8724 --- [libraryapi-production] [main] o.s.s.c.a.web.builders.WebSecurity       : You are asking Spring Security to ignore Deferred [Mvc [pattern='/webjars/**'], Ant [pattern='/webjars/**']]. This is not recommended -- please use permitAll via HttpSecurity#authorizeHttpRequests instead.
2025-02-12T14:29:40.077-03:00  WARN 8724 --- [libraryapi-production] [main] o.s.s.c.a.web.builders.WebSecurity       : You are asking Spring Security to ignore Deferred [Mvc [pattern='/actuator/**'], Ant [pattern='/actuator/**']]. This is not recommended -- please use permitAll via HttpSecurity#authorizeHttpRequests instead.
2025-02-12T14:29:41.684-03:00  INFO 8724 --- [libraryapi-production] [main] i.g.C.libraryapi.Application             : Started Application in 18.238 seconds (process running for 19.73)
2025-02-12T14:38:22.363-03:00  INFO 3524 --- [libraryapi] [main] i.g.C.libraryapi.Application             : Starting Application using Java 21.0.2 with PID 3524 (C:\Users\leona\OneDrive\Documents\Curso Spring Boot\libraryapi\target\classes started by leona in C:\Users\leona\OneDrive\Documents\Curso Spring Boot\libraryapi)
2025-02-12T14:38:22.366-03:00 DEBUG 3524 --- [libraryapi] [main] i.g.C.libraryapi.Application             : Running with Spring Boot v3.3.4, Spring v6.1.13
2025-02-12T14:38:22.368-03:00  INFO 3524 --- [libraryapi] [main] i.g.C.libraryapi.Application             : The following 1 profile is active: "production"
2025-02-12T14:38:28.480-03:00  WARN 3524 --- [libraryapi] [main] com.zaxxer.hikari.HikariConfig           : library-db-pool - idleTimeout is close to or more than maxLifetime, disabling it.
2025-02-12T14:38:34.150-03:00 DEBUG 3524 --- [libraryapi] [main] i.g.C.l.s.JwtCustomAuthenticationFilter  : Filter 'jwtCustomAuthenticationFilter' configured for use
2025-02-12T14:38:36.476-03:00  WARN 3524 --- [libraryapi] [main] JpaBaseConfiguration$JpaWebConfiguration : spring.jpa.open-in-view is enabled by default. Therefore, database queries may be performed during view rendering. Explicitly configure spring.jpa.open-in-view to disable this warning
2025-02-12T14:38:39.692-03:00  WARN 3524 --- [libraryapi] [main] o.s.s.c.a.web.builders.WebSecurity       : You are asking Spring Security to ignore Deferred [Mvc [pattern='/v2/api-docs/**'], Ant [pattern='/v2/api-docs/**']]. This is not recommended -- please use permitAll via HttpSecurity#authorizeHttpRequests instead.
2025-02-12T14:38:39.693-03:00  WARN 3524 --- [libraryapi] [main] o.s.s.c.a.web.builders.WebSecurity       : You are asking Spring Security to ignore Deferred [Mvc [pattern='/v3/api-docs/**'], Ant [pattern='/v3/api-docs/**']]. This is not recommended -- please use permitAll via HttpSecurity#authorizeHttpRequests instead.
2025-02-12T14:38:39.694-03:00  WARN 3524 --- [libraryapi] [main] o.s.s.c.a.web.builders.WebSecurity       : You are asking Spring Security to ignore Deferred [Mvc [pattern='/swagger-resources/**'], Ant [pattern='/swagger-resources/**']]. This is not recommended -- please use permitAll via HttpSecurity#authorizeHttpRequests instead.
2025-02-12T14:38:39.694-03:00  WARN 3524 --- [libraryapi] [main] o.s.s.c.a.web.builders.WebSecurity       : You are asking Spring Security to ignore Deferred [Mvc [pattern='/swagger-ui.html'], Ant [pattern='/swagger-ui.html']]. This is not recommended -- please use permitAll via HttpSecurity#authorizeHttpRequests instead.
2025-02-12T14:38:39.694-03:00  WARN 3524 --- [libraryapi] [main] o.s.s.c.a.web.builders.WebSecurity       : You are asking Spring Security to ignore Deferred [Mvc [pattern='/swagger-ui/**'], Ant [pattern='/swagger-ui/**']]. This is not recommended -- please use permitAll via HttpSecurity#authorizeHttpRequests instead.
2025-02-12T14:38:39.694-03:00  WARN 3524 --- [libraryapi] [main] o.s.s.c.a.web.builders.WebSecurity       : You are asking Spring Security to ignore Deferred [Mvc [pattern='/webjars/**'], Ant [pattern='/webjars/**']]. This is not recommended -- please use permitAll via HttpSecurity#authorizeHttpRequests instead.
2025-02-12T14:38:39.694-03:00  WARN 3524 --- [libraryapi] [main] o.s.s.c.a.web.builders.WebSecurity       : You are asking Spring Security to ignore Deferred [Mvc [pattern='/actuator/**'], Ant [pattern='/actuator/**']]. This is not recommended -- please use permitAll via HttpSecurity#authorizeHttpRequests instead.
2025-02-12T14:38:42.805-03:00  INFO 3524 --- [libraryapi] [main] i.g.C.libraryapi.Application             : Started Application in 21.499 seconds (process running for 22.422)
2025-02-12T15:01:04.183-03:00  INFO 16424 --- [libraryapi] [main] i.g.C.libraryapi.Application             : Starting Application using Java 21.0.2 with PID 16424 (C:\Users\leona\OneDrive\Documents\Curso Spring Boot\libraryapi\target\classes started by leona in C:\Users\leona\OneDrive\Documents\Curso Spring Boot\libraryapi)
2025-02-12T15:01:04.188-03:00 DEBUG 16424 --- [libraryapi] [main] i.g.C.libraryapi.Application             : Running with Spring Boot v3.3.4, Spring v6.1.13
2025-02-12T15:01:04.190-03:00  INFO 16424 --- [libraryapi] [main] i.g.C.libraryapi.Application             : The following 1 profile is active: "production"
2025-02-12T15:01:09.446-03:00  INFO 16424 --- [libraryapi] [main] i.g.C.l.config.DatabaseConfiguration     : Iniciando conexão com o banco na URL: jdbc:postgresql://localhost:5432/library
2025-02-12T15:01:09.458-03:00  WARN 16424 --- [libraryapi] [main] com.zaxxer.hikari.HikariConfig           : library-db-pool - idleTimeout is close to or more than maxLifetime, disabling it.
2025-02-12T15:01:13.141-03:00 DEBUG 16424 --- [libraryapi] [main] i.g.C.l.s.JwtCustomAuthenticationFilter  : Filter 'jwtCustomAuthenticationFilter' configured for use
2025-02-12T15:01:14.782-03:00  WARN 16424 --- [libraryapi] [main] JpaBaseConfiguration$JpaWebConfiguration : spring.jpa.open-in-view is enabled by default. Therefore, database queries may be performed during view rendering. Explicitly configure spring.jpa.open-in-view to disable this warning
2025-02-12T15:01:16.606-03:00  WARN 16424 --- [libraryapi] [main] o.s.s.c.a.web.builders.WebSecurity       : You are asking Spring Security to ignore Deferred [Mvc [pattern='/v2/api-docs/**'], Ant [pattern='/v2/api-docs/**']]. This is not recommended -- please use permitAll via HttpSecurity#authorizeHttpRequests instead.
2025-02-12T15:01:16.607-03:00  WARN 16424 --- [libraryapi] [main] o.s.s.c.a.web.builders.WebSecurity       : You are asking Spring Security to ignore Deferred [Mvc [pattern='/v3/api-docs/**'], Ant [pattern='/v3/api-docs/**']]. This is not recommended -- please use permitAll via HttpSecurity#authorizeHttpRequests instead.
2025-02-12T15:01:16.607-03:00  WARN 16424 --- [libraryapi] [main] o.s.s.c.a.web.builders.WebSecurity       : You are asking Spring Security to ignore Deferred [Mvc [pattern='/swagger-resources/**'], Ant [pattern='/swagger-resources/**']]. This is not recommended -- please use permitAll via HttpSecurity#authorizeHttpRequests instead.
2025-02-12T15:01:16.608-03:00  WARN 16424 --- [libraryapi] [main] o.s.s.c.a.web.builders.WebSecurity       : You are asking Spring Security to ignore Deferred [Mvc [pattern='/swagger-ui.html'], Ant [pattern='/swagger-ui.html']]. This is not recommended -- please use permitAll via HttpSecurity#authorizeHttpRequests instead.
2025-02-12T15:01:16.608-03:00  WARN 16424 --- [libraryapi] [main] o.s.s.c.a.web.builders.WebSecurity       : You are asking Spring Security to ignore Deferred [Mvc [pattern='/swagger-ui/**'], Ant [pattern='/swagger-ui/**']]. This is not recommended -- please use permitAll via HttpSecurity#authorizeHttpRequests instead.
2025-02-12T15:01:16.608-03:00  WARN 16424 --- [libraryapi] [main] o.s.s.c.a.web.builders.WebSecurity       : You are asking Spring Security to ignore Deferred [Mvc [pattern='/webjars/**'], Ant [pattern='/webjars/**']]. This is not recommended -- please use permitAll via HttpSecurity#authorizeHttpRequests instead.
2025-02-12T15:01:16.608-03:00  WARN 16424 --- [libraryapi] [main] o.s.s.c.a.web.builders.WebSecurity       : You are asking Spring Security to ignore Deferred [Mvc [pattern='/actuator/**'], Ant [pattern='/actuator/**']]. This is not recommended -- please use permitAll via HttpSecurity#authorizeHttpRequests instead.
2025-02-12T15:01:18.465-03:00  INFO 16424 --- [libraryapi] [main] i.g.C.libraryapi.Application             : Started Application in 15.307 seconds (process running for 16.23)
2025-02-12T15:16:22.448-03:00  INFO 14144 --- [libraryapi] [main] i.g.C.libraryapi.Application             : Starting Application using Java 21.0.2 with PID 14144 (C:\Users\leona\OneDrive\Documents\Curso Spring Boot\libraryapi\target\classes started by leona in C:\Users\leona\OneDrive\Documents\Curso Spring Boot\libraryapi)
2025-02-12T15:16:22.451-03:00 DEBUG 14144 --- [libraryapi] [main] i.g.C.libraryapi.Application             : Running with Spring Boot v3.3.4, Spring v6.1.13
2025-02-12T15:16:22.452-03:00  INFO 14144 --- [libraryapi] [main] i.g.C.libraryapi.Application             : The following 1 profile is active: "production"
2025-02-12T15:16:28.311-03:00  INFO 14144 --- [libraryapi] [main] i.g.C.l.config.DatabaseConfiguration     : Iniciando conexão com o banco na URL: jdbc:postgresql://localhost:5433/library
2025-02-12T15:16:28.324-03:00  WARN 14144 --- [libraryapi] [main] com.zaxxer.hikari.HikariConfig           : library-db-pool - idleTimeout is close to or more than maxLifetime, disabling it.
2025-02-12T15:16:32.598-03:00 DEBUG 14144 --- [libraryapi] [main] i.g.C.l.s.JwtCustomAuthenticationFilter  : Filter 'jwtCustomAuthenticationFilter' configured for use
2025-02-12T15:16:34.319-03:00  WARN 14144 --- [libraryapi] [main] JpaBaseConfiguration$JpaWebConfiguration : spring.jpa.open-in-view is enabled by default. Therefore, database queries may be performed during view rendering. Explicitly configure spring.jpa.open-in-view to disable this warning
2025-02-12T15:16:36.278-03:00  WARN 14144 --- [libraryapi] [main] o.s.s.c.a.web.builders.WebSecurity       : You are asking Spring Security to ignore Deferred [Mvc [pattern='/v2/api-docs/**'], Ant [pattern='/v2/api-docs/**']]. This is not recommended -- please use permitAll via HttpSecurity#authorizeHttpRequests instead.
2025-02-12T15:16:36.279-03:00  WARN 14144 --- [libraryapi] [main] o.s.s.c.a.web.builders.WebSecurity       : You are asking Spring Security to ignore Deferred [Mvc [pattern='/v3/api-docs/**'], Ant [pattern='/v3/api-docs/**']]. This is not recommended -- please use permitAll via HttpSecurity#authorizeHttpRequests instead.
2025-02-12T15:16:36.279-03:00  WARN 14144 --- [libraryapi] [main] o.s.s.c.a.web.builders.WebSecurity       : You are asking Spring Security to ignore Deferred [Mvc [pattern='/swagger-resources/**'], Ant [pattern='/swagger-resources/**']]. This is not recommended -- please use permitAll via HttpSecurity#authorizeHttpRequests instead.
2025-02-12T15:16:36.279-03:00  WARN 14144 --- [libraryapi] [main] o.s.s.c.a.web.builders.WebSecurity       : You are asking Spring Security to ignore Deferred [Mvc [pattern='/swagger-ui.html'], Ant [pattern='/swagger-ui.html']]. This is not recommended -- please use permitAll via HttpSecurity#authorizeHttpRequests instead.
2025-02-12T15:16:36.279-03:00  WARN 14144 --- [libraryapi] [main] o.s.s.c.a.web.builders.WebSecurity       : You are asking Spring Security to ignore Deferred [Mvc [pattern='/swagger-ui/**'], Ant [pattern='/swagger-ui/**']]. This is not recommended -- please use permitAll via HttpSecurity#authorizeHttpRequests instead.
2025-02-12T15:16:36.279-03:00  WARN 14144 --- [libraryapi] [main] o.s.s.c.a.web.builders.WebSecurity       : You are asking Spring Security to ignore Deferred [Mvc [pattern='/webjars/**'], Ant [pattern='/webjars/**']]. This is not recommended -- please use permitAll via HttpSecurity#authorizeHttpRequests instead.
2025-02-12T15:16:36.280-03:00  WARN 14144 --- [libraryapi] [main] o.s.s.c.a.web.builders.WebSecurity       : You are asking Spring Security to ignore Deferred [Mvc [pattern='/actuator/**'], Ant [pattern='/actuator/**']]. This is not recommended -- please use permitAll via HttpSecurity#authorizeHttpRequests instead.
2025-02-12T15:16:38.030-03:00  INFO 14144 --- [libraryapi] [main] i.g.C.libraryapi.Application             : Started Application in 16.709 seconds (process running for 17.706)
2025-02-12T15:17:47.290-03:00  WARN 14144 --- [libraryapi] [http-nio-8080-exec-3] o.s.s.c.bcrypt.BCryptPasswordEncoder     : Encoded password does not look like BCrypt
2025-02-12T15:22:16.130-03:00  INFO 14144 --- [libraryapi] [http-nio-8080-exec-3] i.g.C.l.controller.AutorController       : Cadastrando novo autor: Kendrick
2025-02-12T15:28:13.102-03:00  INFO 10680 --- [libraryapi] [main] i.g.C.libraryapi.Application             : Starting Application v0.0.1-SNAPSHOT using Java 21.0.2 with PID 10680 (C:\Users\leona\OneDrive\Documents\Curso Spring Boot\libraryapi\target\libraryapi-0.0.1-SNAPSHOT.jar started by leona in C:\Users\leona\OneDrive\Documents\Curso Spring Boot\libraryapi)
2025-02-12T15:28:13.105-03:00 DEBUG 10680 --- [libraryapi] [main] i.g.C.libraryapi.Application             : Running with Spring Boot v3.3.4, Spring v6.1.13
2025-02-12T15:28:13.108-03:00  INFO 10680 --- [libraryapi] [main] i.g.C.libraryapi.Application             : The following 1 profile is active: "${SPRING_PROFILES_ACTIVE}"
2025-02-12T15:28:18.542-03:00  INFO 10680 --- [libraryapi] [main] i.g.C.l.config.DatabaseConfiguration     : Iniciando conexão com o banco na URL: jdbc:postgresql://localhost:5432/library
2025-02-12T15:28:18.555-03:00  WARN 10680 --- [libraryapi] [main] com.zaxxer.hikari.HikariConfig           : library-db-pool - idleTimeout is close to or more than maxLifetime, disabling it.
2025-02-12T15:28:23.108-03:00 DEBUG 10680 --- [libraryapi] [main] i.g.C.l.s.JwtCustomAuthenticationFilter  : Filter 'jwtCustomAuthenticationFilter' configured for use
2025-02-12T15:28:24.947-03:00  WARN 10680 --- [libraryapi] [main] JpaBaseConfiguration$JpaWebConfiguration : spring.jpa.open-in-view is enabled by default. Therefore, database queries may be performed during view rendering. Explicitly configure spring.jpa.open-in-view to disable this warning
2025-02-12T15:28:27.141-03:00  WARN 10680 --- [libraryapi] [main] o.s.s.c.a.web.builders.WebSecurity       : You are asking Spring Security to ignore Deferred [Mvc [pattern='/v2/api-docs/**'], Ant [pattern='/v2/api-docs/**']]. This is not recommended -- please use permitAll via HttpSecurity#authorizeHttpRequests instead.
2025-02-12T15:28:27.143-03:00  WARN 10680 --- [libraryapi] [main] o.s.s.c.a.web.builders.WebSecurity       : You are asking Spring Security to ignore Deferred [Mvc [pattern='/v3/api-docs/**'], Ant [pattern='/v3/api-docs/**']]. This is not recommended -- please use permitAll via HttpSecurity#authorizeHttpRequests instead.
2025-02-12T15:28:27.144-03:00  WARN 10680 --- [libraryapi] [main] o.s.s.c.a.web.builders.WebSecurity       : You are asking Spring Security to ignore Deferred [Mvc [pattern='/swagger-resources/**'], Ant [pattern='/swagger-resources/**']]. This is not recommended -- please use permitAll via HttpSecurity#authorizeHttpRequests instead.
2025-02-12T15:28:27.146-03:00  WARN 10680 --- [libraryapi] [main] o.s.s.c.a.web.builders.WebSecurity       : You are asking Spring Security to ignore Deferred [Mvc [pattern='/swagger-ui.html'], Ant [pattern='/swagger-ui.html']]. This is not recommended -- please use permitAll via HttpSecurity#authorizeHttpRequests instead.
2025-02-12T15:28:27.147-03:00  WARN 10680 --- [libraryapi] [main] o.s.s.c.a.web.builders.WebSecurity       : You are asking Spring Security to ignore Deferred [Mvc [pattern='/swagger-ui/**'], Ant [pattern='/swagger-ui/**']]. This is not recommended -- please use permitAll via HttpSecurity#authorizeHttpRequests instead.
2025-02-12T15:28:27.147-03:00  WARN 10680 --- [libraryapi] [main] o.s.s.c.a.web.builders.WebSecurity       : You are asking Spring Security to ignore Deferred [Mvc [pattern='/webjars/**'], Ant [pattern='/webjars/**']]. This is not recommended -- please use permitAll via HttpSecurity#authorizeHttpRequests instead.
2025-02-12T15:28:27.149-03:00  WARN 10680 --- [libraryapi] [main] o.s.s.c.a.web.builders.WebSecurity       : You are asking Spring Security to ignore Deferred [Mvc [pattern='/actuator/**'], Ant [pattern='/actuator/**']]. This is not recommended -- please use permitAll via HttpSecurity#authorizeHttpRequests instead.
2025-02-12T15:28:29.137-03:00  INFO 10680 --- [libraryapi] [main] i.g.C.libraryapi.Application             : Started Application in 16.992 seconds (process running for 18.031)
2025-02-12T16:40:50.304-03:00  INFO 6824 --- [libraryapi] [main] i.g.C.libraryapi.Application             : Starting Application using Java 21.0.2 with PID 6824 (C:\Users\leona\OneDrive\Documents\Curso Spring Boot\libraryapi\target\classes started by leona in C:\Users\leona\OneDrive\Documents\Curso Spring Boot\libraryapi)
2025-02-12T16:40:50.307-03:00 DEBUG 6824 --- [libraryapi] [main] i.g.C.libraryapi.Application             : Running with Spring Boot v3.3.4, Spring v6.1.13
2025-02-12T16:40:50.309-03:00  INFO 6824 --- [libraryapi] [main] i.g.C.libraryapi.Application             : The following 1 profile is active: "default"
2025-02-12T16:40:55.817-03:00  INFO 6824 --- [libraryapi] [main] i.g.C.l.config.DatabaseConfiguration     : Iniciando conexão com o banco na URL: jdbc:postgresql://libraryapi-database.cre442gag1im.us-east-2.rds.amazonaws.com:5432/library
2025-02-12T16:40:55.833-03:00  WARN 6824 --- [libraryapi] [main] com.zaxxer.hikari.HikariConfig           : library-db-pool - idleTimeout is close to or more than maxLifetime, disabling it.
2025-02-12T16:41:03.340-03:00 DEBUG 6824 --- [libraryapi] [main] i.g.C.l.s.JwtCustomAuthenticationFilter  : Filter 'jwtCustomAuthenticationFilter' configured for use
2025-02-12T16:41:05.091-03:00  WARN 6824 --- [libraryapi] [main] JpaBaseConfiguration$JpaWebConfiguration : spring.jpa.open-in-view is enabled by default. Therefore, database queries may be performed during view rendering. Explicitly configure spring.jpa.open-in-view to disable this warning
2025-02-12T16:41:07.208-03:00  WARN 6824 --- [libraryapi] [main] o.s.s.c.a.web.builders.WebSecurity       : You are asking Spring Security to ignore Deferred [Mvc [pattern='/v2/api-docs/**'], Ant [pattern='/v2/api-docs/**']]. This is not recommended -- please use permitAll via HttpSecurity#authorizeHttpRequests instead.
2025-02-12T16:41:07.208-03:00  WARN 6824 --- [libraryapi] [main] o.s.s.c.a.web.builders.WebSecurity       : You are asking Spring Security to ignore Deferred [Mvc [pattern='/v3/api-docs/**'], Ant [pattern='/v3/api-docs/**']]. This is not recommended -- please use permitAll via HttpSecurity#authorizeHttpRequests instead.
2025-02-12T16:41:07.208-03:00  WARN 6824 --- [libraryapi] [main] o.s.s.c.a.web.builders.WebSecurity       : You are asking Spring Security to ignore Deferred [Mvc [pattern='/swagger-resources/**'], Ant [pattern='/swagger-resources/**']]. This is not recommended -- please use permitAll via HttpSecurity#authorizeHttpRequests instead.
2025-02-12T16:41:07.208-03:00  WARN 6824 --- [libraryapi] [main] o.s.s.c.a.web.builders.WebSecurity       : You are asking Spring Security to ignore Deferred [Mvc [pattern='/swagger-ui.html'], Ant [pattern='/swagger-ui.html']]. This is not recommended -- please use permitAll via HttpSecurity#authorizeHttpRequests instead.
2025-02-12T16:41:07.208-03:00  WARN 6824 --- [libraryapi] [main] o.s.s.c.a.web.builders.WebSecurity       : You are asking Spring Security to ignore Deferred [Mvc [pattern='/swagger-ui/**'], Ant [pattern='/swagger-ui/**']]. This is not recommended -- please use permitAll via HttpSecurity#authorizeHttpRequests instead.
2025-02-12T16:41:07.209-03:00  WARN 6824 --- [libraryapi] [main] o.s.s.c.a.web.builders.WebSecurity       : You are asking Spring Security to ignore Deferred [Mvc [pattern='/webjars/**'], Ant [pattern='/webjars/**']]. This is not recommended -- please use permitAll via HttpSecurity#authorizeHttpRequests instead.
2025-02-12T16:41:07.209-03:00  WARN 6824 --- [libraryapi] [main] o.s.s.c.a.web.builders.WebSecurity       : You are asking Spring Security to ignore Deferred [Mvc [pattern='/actuator/**'], Ant [pattern='/actuator/**']]. This is not recommended -- please use permitAll via HttpSecurity#authorizeHttpRequests instead.
2025-02-12T16:41:08.353-03:00  WARN 6824 --- [libraryapi] [main] ConfigServletWebServerApplicationContext : Exception encountered during context initialization - cancelling refresh attempt: org.springframework.context.ApplicationContextException: Failed to start bean 'webServerStartStop'
2025-02-12T16:41:08.604-03:00 ERROR 6824 --- [libraryapi] [main] o.s.b.d.LoggingFailureAnalysisReporter   : 

***************************
APPLICATION FAILED TO START
***************************

Description:

Web server failed to start. Port 8080 was already in use.

Action:

Identify and stop the process that's listening on port 8080 or configure this application to listen on another port.

2025-02-12T16:43:07.645-03:00  INFO 20560 --- [libraryapi] [main] i.g.C.libraryapi.Application             : Starting Application using Java 21.0.2 with PID 20560 (C:\Users\leona\OneDrive\Documents\Curso Spring Boot\libraryapi\target\classes started by leona in C:\Users\leona\OneDrive\Documents\Curso Spring Boot\libraryapi)
2025-02-12T16:43:07.649-03:00 DEBUG 20560 --- [libraryapi] [main] i.g.C.libraryapi.Application             : Running with Spring Boot v3.3.4, Spring v6.1.13
2025-02-12T16:43:07.651-03:00  INFO 20560 --- [libraryapi] [main] i.g.C.libraryapi.Application             : The following 1 profile is active: "default"
2025-02-12T16:43:14.073-03:00  INFO 20560 --- [libraryapi] [main] i.g.C.l.config.DatabaseConfiguration     : Iniciando conexão com o banco na URL: jdbc:postgresql://libraryapi-database.cre442gag1im.us-east-2.rds.amazonaws.com:5432/library
2025-02-12T16:43:14.094-03:00  WARN 20560 --- [libraryapi] [main] com.zaxxer.hikari.HikariConfig           : library-db-pool - idleTimeout is close to or more than maxLifetime, disabling it.
2025-02-12T16:43:21.210-03:00 DEBUG 20560 --- [libraryapi] [main] i.g.C.l.s.JwtCustomAuthenticationFilter  : Filter 'jwtCustomAuthenticationFilter' configured for use
2025-02-12T16:43:23.009-03:00  WARN 20560 --- [libraryapi] [main] JpaBaseConfiguration$JpaWebConfiguration : spring.jpa.open-in-view is enabled by default. Therefore, database queries may be performed during view rendering. Explicitly configure spring.jpa.open-in-view to disable this warning
2025-02-12T16:43:24.761-03:00  WARN 20560 --- [libraryapi] [main] o.s.s.c.a.web.builders.WebSecurity       : You are asking Spring Security to ignore Deferred [Mvc [pattern='/v2/api-docs/**'], Ant [pattern='/v2/api-docs/**']]. This is not recommended -- please use permitAll via HttpSecurity#authorizeHttpRequests instead.
2025-02-12T16:43:24.762-03:00  WARN 20560 --- [libraryapi] [main] o.s.s.c.a.web.builders.WebSecurity       : You are asking Spring Security to ignore Deferred [Mvc [pattern='/v3/api-docs/**'], Ant [pattern='/v3/api-docs/**']]. This is not recommended -- please use permitAll via HttpSecurity#authorizeHttpRequests instead.
2025-02-12T16:43:24.762-03:00  WARN 20560 --- [libraryapi] [main] o.s.s.c.a.web.builders.WebSecurity       : You are asking Spring Security to ignore Deferred [Mvc [pattern='/swagger-resources/**'], Ant [pattern='/swagger-resources/**']]. This is not recommended -- please use permitAll via HttpSecurity#authorizeHttpRequests instead.
2025-02-12T16:43:24.763-03:00  WARN 20560 --- [libraryapi] [main] o.s.s.c.a.web.builders.WebSecurity       : You are asking Spring Security to ignore Deferred [Mvc [pattern='/swagger-ui.html'], Ant [pattern='/swagger-ui.html']]. This is not recommended -- please use permitAll via HttpSecurity#authorizeHttpRequests instead.
2025-02-12T16:43:24.763-03:00  WARN 20560 --- [libraryapi] [main] o.s.s.c.a.web.builders.WebSecurity       : You are asking Spring Security to ignore Deferred [Mvc [pattern='/swagger-ui/**'], Ant [pattern='/swagger-ui/**']]. This is not recommended -- please use permitAll via HttpSecurity#authorizeHttpRequests instead.
2025-02-12T16:43:24.763-03:00  WARN 20560 --- [libraryapi] [main] o.s.s.c.a.web.builders.WebSecurity       : You are asking Spring Security to ignore Deferred [Mvc [pattern='/webjars/**'], Ant [pattern='/webjars/**']]. This is not recommended -- please use permitAll via HttpSecurity#authorizeHttpRequests instead.
2025-02-12T16:43:24.764-03:00  WARN 20560 --- [libraryapi] [main] o.s.s.c.a.web.builders.WebSecurity       : You are asking Spring Security to ignore Deferred [Mvc [pattern='/actuator/**'], Ant [pattern='/actuator/**']]. This is not recommended -- please use permitAll via HttpSecurity#authorizeHttpRequests instead.
2025-02-12T16:43:26.581-03:00  INFO 20560 --- [libraryapi] [main] i.g.C.libraryapi.Application             : Started Application in 20.253 seconds (process running for 21.285)
2025-02-12T16:47:46.097-03:00  INFO 1848 --- [libraryapi] [main] i.g.C.libraryapi.Application             : Starting Application using Java 21.0.2 with PID 1848 (C:\Users\leona\OneDrive\Documents\Curso Spring Boot\libraryapi\target\classes started by leona in C:\Users\leona\OneDrive\Documents\Curso Spring Boot\libraryapi)
2025-02-12T16:47:46.101-03:00 DEBUG 1848 --- [libraryapi] [main] i.g.C.libraryapi.Application             : Running with Spring Boot v3.3.4, Spring v6.1.13
2025-02-12T16:47:46.104-03:00  INFO 1848 --- [libraryapi] [main] i.g.C.libraryapi.Application             : The following 1 profile is active: "default"
2025-02-12T16:47:52.476-03:00  INFO 1848 --- [libraryapi] [main] i.g.C.l.config.DatabaseConfiguration     : Iniciando conexão com o banco na URL: jdbc:postgresql://libraryapi-database.cre442gag1im.us-east-2.rds.amazonaws.com:5432/library
2025-02-12T16:47:52.490-03:00  WARN 1848 --- [libraryapi] [main] com.zaxxer.hikari.HikariConfig           : library-db-pool - idleTimeout is close to or more than maxLifetime, disabling it.
2025-02-12T16:47:58.943-03:00 DEBUG 1848 --- [libraryapi] [main] i.g.C.l.s.JwtCustomAuthenticationFilter  : Filter 'jwtCustomAuthenticationFilter' configured for use
2025-02-12T16:48:00.727-03:00  WARN 1848 --- [libraryapi] [main] JpaBaseConfiguration$JpaWebConfiguration : spring.jpa.open-in-view is enabled by default. Therefore, database queries may be performed during view rendering. Explicitly configure spring.jpa.open-in-view to disable this warning
2025-02-12T16:48:03.080-03:00  WARN 1848 --- [libraryapi] [main] o.s.s.c.a.web.builders.WebSecurity       : You are asking Spring Security to ignore Deferred [Mvc [pattern='/v2/api-docs/**'], Ant [pattern='/v2/api-docs/**']]. This is not recommended -- please use permitAll via HttpSecurity#authorizeHttpRequests instead.
2025-02-12T16:48:03.080-03:00  WARN 1848 --- [libraryapi] [main] o.s.s.c.a.web.builders.WebSecurity       : You are asking Spring Security to ignore Deferred [Mvc [pattern='/v3/api-docs/**'], Ant [pattern='/v3/api-docs/**']]. This is not recommended -- please use permitAll via HttpSecurity#authorizeHttpRequests instead.
2025-02-12T16:48:03.080-03:00  WARN 1848 --- [libraryapi] [main] o.s.s.c.a.web.builders.WebSecurity       : You are asking Spring Security to ignore Deferred [Mvc [pattern='/swagger-resources/**'], Ant [pattern='/swagger-resources/**']]. This is not recommended -- please use permitAll via HttpSecurity#authorizeHttpRequests instead.
2025-02-12T16:48:03.081-03:00  WARN 1848 --- [libraryapi] [main] o.s.s.c.a.web.builders.WebSecurity       : You are asking Spring Security to ignore Deferred [Mvc [pattern='/swagger-ui.html'], Ant [pattern='/swagger-ui.html']]. This is not recommended -- please use permitAll via HttpSecurity#authorizeHttpRequests instead.
2025-02-12T16:48:03.081-03:00  WARN 1848 --- [libraryapi] [main] o.s.s.c.a.web.builders.WebSecurity       : You are asking Spring Security to ignore Deferred [Mvc [pattern='/swagger-ui/**'], Ant [pattern='/swagger-ui/**']]. This is not recommended -- please use permitAll via HttpSecurity#authorizeHttpRequests instead.
2025-02-12T16:48:03.081-03:00  WARN 1848 --- [libraryapi] [main] o.s.s.c.a.web.builders.WebSecurity       : You are asking Spring Security to ignore Deferred [Mvc [pattern='/webjars/**'], Ant [pattern='/webjars/**']]. This is not recommended -- please use permitAll via HttpSecurity#authorizeHttpRequests instead.
2025-02-12T16:48:03.081-03:00  WARN 1848 --- [libraryapi] [main] o.s.s.c.a.web.builders.WebSecurity       : You are asking Spring Security to ignore Deferred [Mvc [pattern='/actuator/**'], Ant [pattern='/actuator/**']]. This is not recommended -- please use permitAll via HttpSecurity#authorizeHttpRequests instead.
2025-02-12T16:48:04.901-03:00  INFO 1848 --- [libraryapi] [main] i.g.C.libraryapi.Application             : Started Application in 19.873 seconds (process running for 20.811)
2025-02-12T16:50:00.145-03:00  INFO 1848 --- [libraryapi] [http-nio-8080-exec-9] i.g.C.l.controller.AutorController       : Cadastrando novo autor: Kendrick
